<?xml version="1.0" ?>
<coverage version="7.10.7" timestamp="1761584153718" lines-valid="206" lines-covered="167" line-rate="0.8107" branches-valid="112" branches-covered="83" branch-rate="0.7411" complexity="0">
	<!-- Generated by coverage.py: https://coverage.readthedocs.io/en/7.10.7 -->
	<!-- Based on https://raw.githubusercontent.com/cobertura/web/master/htdocs/xml/coverage-04.dtd -->
	<sources>
		<source>/Users/Karim/Documents/CISC327/CISC327-CMPE327-F25/services</source>
	</sources>
	<packages>
		<package name="." line-rate="0.8107" branch-rate="0.7411" complexity="0">
			<classes>
				<class name="__init__.py" filename="__init__.py" complexity="0" line-rate="1" branch-rate="1">
					<methods/>
					<lines/>
				</class>
				<class name="library_service.py" filename="library_service.py" complexity="0" line-rate="0.9034" branch-rate="0.83">
					<methods/>
					<lines>
						<line number="6" hits="1"/>
						<line number="7" hits="1"/>
						<line number="8" hits="1"/>
						<line number="15" hits="1"/>
						<line number="17" hits="1"/>
						<line number="32" hits="1" branch="true" condition-coverage="100% (2/2)"/>
						<line number="33" hits="1"/>
						<line number="35" hits="1" branch="true" condition-coverage="100% (2/2)"/>
						<line number="36" hits="1"/>
						<line number="38" hits="1" branch="true" condition-coverage="100% (2/2)"/>
						<line number="39" hits="1"/>
						<line number="41" hits="1" branch="true" condition-coverage="100% (2/2)"/>
						<line number="42" hits="1"/>
						<line number="44" hits="1" branch="true" condition-coverage="100% (2/2)"/>
						<line number="45" hits="1"/>
						<line number="47" hits="1" branch="true" condition-coverage="100% (2/2)"/>
						<line number="48" hits="1" branch="true" condition-coverage="100% (2/2)"/>
						<line number="49" hits="1"/>
						<line number="51" hits="1" branch="true" condition-coverage="100% (2/2)"/>
						<line number="52" hits="1"/>
						<line number="55" hits="1"/>
						<line number="56" hits="1" branch="true" condition-coverage="100% (2/2)"/>
						<line number="57" hits="1"/>
						<line number="60" hits="1"/>
						<line number="61" hits="1" branch="true" condition-coverage="50% (1/2)" missing-branches="64"/>
						<line number="62" hits="1"/>
						<line number="64" hits="0"/>
						<line number="66" hits="1"/>
						<line number="79" hits="1" branch="true" condition-coverage="100% (2/2)"/>
						<line number="80" hits="1"/>
						<line number="83" hits="1"/>
						<line number="84" hits="1" branch="true" condition-coverage="50% (1/2)" missing-branches="85"/>
						<line number="85" hits="0"/>
						<line number="87" hits="1" branch="true" condition-coverage="100% (2/2)"/>
						<line number="88" hits="1"/>
						<line number="91" hits="1"/>
						<line number="93" hits="1" branch="true" condition-coverage="100% (2/2)"/>
						<line number="94" hits="1"/>
						<line number="97" hits="1"/>
						<line number="98" hits="1"/>
						<line number="101" hits="1"/>
						<line number="102" hits="1" branch="true" condition-coverage="50% (1/2)" missing-branches="103"/>
						<line number="103" hits="0"/>
						<line number="105" hits="1"/>
						<line number="106" hits="1" branch="true" condition-coverage="50% (1/2)" missing-branches="107"/>
						<line number="107" hits="0"/>
						<line number="109" hits="1"/>
						<line number="111" hits="1"/>
						<line number="124" hits="1" branch="true" condition-coverage="100% (2/2)"/>
						<line number="125" hits="1"/>
						<line number="128" hits="1"/>
						<line number="129" hits="1" branch="true" condition-coverage="50% (1/2)" missing-branches="130"/>
						<line number="130" hits="0"/>
						<line number="133" hits="1"/>
						<line number="134" hits="1"/>
						<line number="135" hits="1" branch="true" condition-coverage="100% (2/2)"/>
						<line number="136" hits="1"/>
						<line number="138" hits="1" branch="true" condition-coverage="50% (1/2)" missing-branches="139"/>
						<line number="139" hits="0"/>
						<line number="142" hits="1"/>
						<line number="143" hits="1"/>
						<line number="144" hits="1"/>
						<line number="147" hits="1"/>
						<line number="148" hits="1" branch="true" condition-coverage="50% (1/2)" missing-branches="149"/>
						<line number="149" hits="0"/>
						<line number="151" hits="1" branch="true" condition-coverage="50% (1/2)" missing-branches="152"/>
						<line number="152" hits="0"/>
						<line number="154" hits="1" branch="true" condition-coverage="100% (2/2)"/>
						<line number="155" hits="1"/>
						<line number="160" hits="1"/>
						<line number="162" hits="1"/>
						<line number="179" hits="1" branch="true" condition-coverage="50% (1/2)" missing-branches="180"/>
						<line number="180" hits="0"/>
						<line number="182" hits="1"/>
						<line number="183" hits="1" branch="true" condition-coverage="50% (1/2)" missing-branches="184"/>
						<line number="184" hits="0"/>
						<line number="187" hits="1"/>
						<line number="188" hits="1"/>
						<line number="189" hits="1" branch="true" condition-coverage="50% (1/2)" missing-branches="190"/>
						<line number="190" hits="0"/>
						<line number="192" hits="1"/>
						<line number="193" hits="1" branch="true" condition-coverage="50% (1/2)" missing-branches="194"/>
						<line number="194" hits="0"/>
						<line number="197" hits="1"/>
						<line number="198" hits="1"/>
						<line number="200" hits="1" branch="true" condition-coverage="100% (2/2)"/>
						<line number="201" hits="1"/>
						<line number="203" hits="1"/>
						<line number="204" hits="1"/>
						<line number="205" hits="1"/>
						<line number="207" hits="1"/>
						<line number="213" hits="1"/>
						<line number="225" hits="1" branch="true" condition-coverage="100% (2/2)"/>
						<line number="226" hits="1"/>
						<line number="228" hits="1"/>
						<line number="229" hits="1" branch="true" condition-coverage="100% (2/2)"/>
						<line number="230" hits="1"/>
						<line number="232" hits="1" branch="true" condition-coverage="100% (2/2)"/>
						<line number="233" hits="1" branch="true" condition-coverage="100% (2/2)"/>
						<line number="234" hits="1"/>
						<line number="235" hits="1"/>
						<line number="236" hits="1"/>
						<line number="238" hits="1"/>
						<line number="239" hits="1"/>
						<line number="241" hits="1" branch="true" condition-coverage="100% (2/2)"/>
						<line number="242" hits="1"/>
						<line number="244" hits="1" branch="true" condition-coverage="50% (1/2)" missing-branches="247"/>
						<line number="245" hits="1"/>
						<line number="247" hits="0"/>
						<line number="249" hits="1"/>
						<line number="267" hits="1" branch="true" condition-coverage="100% (2/2)"/>
						<line number="268" hits="1"/>
						<line number="277" hits="1"/>
						<line number="280" hits="1"/>
						<line number="281" hits="1"/>
						<line number="282" hits="1"/>
						<line number="283" hits="1" branch="true" condition-coverage="100% (2/2)"/>
						<line number="284" hits="1"/>
						<line number="285" hits="1" branch="true" condition-coverage="50% (1/2)" missing-branches="286"/>
						<line number="286" hits="0"/>
						<line number="287" hits="1"/>
						<line number="288" hits="1" branch="true" condition-coverage="50% (1/2)" missing-branches="289"/>
						<line number="289" hits="0"/>
						<line number="291" hits="1"/>
						<line number="292" hits="1"/>
						<line number="293" hits="1"/>
						<line number="294" hits="1"/>
						<line number="295" hits="1"/>
						<line number="303" hits="1"/>
						<line number="304" hits="1"/>
						<line number="305" hits="1" branch="true" condition-coverage="100% (2/2)"/>
						<line number="306" hits="1"/>
						<line number="307" hits="1"/>
						<line number="308" hits="1"/>
						<line number="309" hits="1"/>
						<line number="310" hits="1"/>
						<line number="311" hits="1"/>
						<line number="313" hits="1"/>
						<line number="321" hits="1"/>
						<line number="330" hits="1"/>
						<line number="352" hits="1" branch="true" condition-coverage="100% (2/2)"/>
						<line number="353" hits="1"/>
						<line number="356" hits="1"/>
						<line number="359" hits="1" branch="true" condition-coverage="100% (2/2)"/>
						<line number="360" hits="1"/>
						<line number="362" hits="1"/>
						<line number="364" hits="1" branch="true" condition-coverage="100% (2/2)"/>
						<line number="365" hits="1"/>
						<line number="368" hits="1"/>
						<line number="369" hits="1" branch="true" condition-coverage="100% (2/2)"/>
						<line number="370" hits="1"/>
						<line number="373" hits="1" branch="true" condition-coverage="50% (1/2)" missing-branches="374"/>
						<line number="374" hits="0"/>
						<line number="378" hits="1"/>
						<line number="379" hits="1"/>
						<line number="385" hits="1" branch="true" condition-coverage="100% (2/2)"/>
						<line number="386" hits="1"/>
						<line number="388" hits="1"/>
						<line number="390" hits="1"/>
						<line number="392" hits="1"/>
						<line number="395" hits="1"/>
						<line number="410" hits="1" branch="true" condition-coverage="100% (2/2)"/>
						<line number="411" hits="1"/>
						<line number="413" hits="1" branch="true" condition-coverage="100% (2/2)"/>
						<line number="414" hits="1"/>
						<line number="416" hits="1" branch="true" condition-coverage="100% (2/2)"/>
						<line number="417" hits="1"/>
						<line number="420" hits="1" branch="true" condition-coverage="50% (1/2)" missing-branches="421"/>
						<line number="421" hits="0"/>
						<line number="425" hits="1"/>
						<line number="426" hits="1"/>
						<line number="428" hits="1" branch="true" condition-coverage="100% (2/2)"/>
						<line number="429" hits="1"/>
						<line number="431" hits="1"/>
						<line number="433" hits="1"/>
						<line number="434" hits="1"/>
					</lines>
				</class>
				<class name="payment_service.py" filename="payment_service.py" complexity="0" line-rate="0.2667" branch-rate="0">
					<methods/>
					<lines>
						<line number="9" hits="1"/>
						<line number="10" hits="1"/>
						<line number="11" hits="1"/>
						<line number="14" hits="1"/>
						<line number="25" hits="1"/>
						<line number="32" hits="0"/>
						<line number="33" hits="0"/>
						<line number="35" hits="1"/>
						<line number="55" hits="0"/>
						<line number="72" hits="0" branch="true" condition-coverage="0% (0/2)" missing-branches="73,75"/>
						<line number="73" hits="0"/>
						<line number="75" hits="0" branch="true" condition-coverage="0% (0/2)" missing-branches="76,78"/>
						<line number="76" hits="0"/>
						<line number="78" hits="0" branch="true" condition-coverage="0% (0/2)" missing-branches="79,82"/>
						<line number="79" hits="0"/>
						<line number="82" hits="0"/>
						<line number="83" hits="0"/>
						<line number="85" hits="1"/>
						<line number="99" hits="0"/>
						<line number="101" hits="0" branch="true" condition-coverage="0% (0/2)" missing-branches="102,104"/>
						<line number="102" hits="0"/>
						<line number="104" hits="0" branch="true" condition-coverage="0% (0/2)" missing-branches="105,107"/>
						<line number="105" hits="0"/>
						<line number="107" hits="0"/>
						<line number="108" hits="0"/>
						<line number="110" hits="1"/>
						<line number="123" hits="0"/>
						<line number="125" hits="0" branch="true" condition-coverage="0% (0/2)" missing-branches="126,129"/>
						<line number="126" hits="0"/>
						<line number="129" hits="0"/>
					</lines>
				</class>
			</classes>
		</package>
	</packages>
</coverage>
